<?xml version="1.0" encoding="UTF-8"?>
<testng-results ignored="0" total="2" passed="2" failed="0" skipped="0">
  <reporter-output>
  </reporter-output>
  <suite started-at="2022-02-12T23:14:11 GST" name="Default suite" finished-at="2022-02-12T23:14:29 GST" duration-ms="17411">
    <groups>
    </groups>
    <test started-at="2022-02-12T23:14:11 GST" name="Default test" finished-at="2022-02-12T23:14:29 GST" duration-ms="17411">
      <class name="Tests.SelectAnyShoes">
        <test-method is-config="true" signature="setup()[pri:0, instance:Tests.SelectAnyShoes@1817d444]" started-at="2022-02-12T23:14:11 GST" name="setup" finished-at="2022-02-12T23:14:18 GST" duration-ms="7006" status="PASS">
          <reporter-output>
          </reporter-output>
        </test-method> <!-- setup -->
        <test-method signature="searchShoes()[pri:0, instance:Tests.SelectAnyShoes@1817d444]" started-at="2022-02-12T23:14:18 GST" name="searchShoes" finished-at="2022-02-12T23:14:23 GST" duration-ms="4395" status="PASS">
          <reporter-output>
          </reporter-output>
        </test-method> <!-- searchShoes -->
        <test-method signature="selectShoes()[pri:0, instance:Tests.SelectAnyShoes@1817d444]" started-at="2022-02-12T23:14:23 GST" name="selectShoes" finished-at="2022-02-12T23:14:28 GST" duration-ms="5620" status="PASS">
          <reporter-output>
          </reporter-output>
        </test-method> <!-- selectShoes -->
        <test-method is-config="true" signature="closeSetup()[pri:0, instance:Tests.SelectAnyShoes@1817d444]" started-at="2022-02-12T23:14:28 GST" name="closeSetup" finished-at="2022-02-12T23:14:29 GST" duration-ms="294" status="PASS">
          <reporter-output>
          </reporter-output>
        </test-method> <!-- closeSetup -->
      </class> <!-- Tests.SelectAnyShoes -->
    </test> <!-- Default test -->
  </suite> <!-- Default suite -->
</testng-results>
